[lala-design-portfolio.webflow.io/index.html]
[backblue.gif]
[fade.gif]
[index.html]
[ajax.googleapis.com/ajax/libs/webfont/1.6.26/webfont.js]
[assets-global.website-files.com/6527a38e362cc612868891e9/css/lala-design-portfolio.webflow.99df90dc5.css]
[fonts.googleapis.com/index.html]
[cdn.prod.website-files.com/6527a38e362cc612868891e9/6527a38e362cc61286889280_Favicon.png]
[cdn.prod.website-files.com/6527a38e362cc612868891e9/6527a38e362cc61286889281_Webclip.png]
[cdn.prod.website-files.com/6527a38e362cc612868891e9/6527a38e362cc6128688927d_lala-pashayeva.webp]
[lala-design-portfolio.webflow.io/work.html]
[lala-design-portfolio.webflow.io/other-work.html]
[lala-design-portfolio.webflow.io/about.html]
[lala-design-portfolio.webflow.io/contact.html]
[cdn.prod.website-files.com/6527a38e362cc612868891e9/6527a38e362cc612868892a0_IMG_3188-min.jpg]
[cdn.prod.website-files.com/6527a38e362cc612868891e9/6527a38e362cc61286889299_insta-story_straigh_withphone_full hd-min.png]
[cdn.prod.website-files.com/6527a38e362cc612868891e9/6527a38e362cc61286889298_Presentation3.png]
[cdn.prod.website-files.com/6527a38e362cc612868891e9/6527a38e362cc6128688929c_Group 9-min-min.png]
[cdn.prod.website-files.com/6527a38e362cc612868891e9/6527a38e362cc61286889279_emoji-wink.gif]
[cdn.prod.website-files.com/6527a38e362cc61286889211/6527a38e362cc6128688932e_Portonovi-Cursor.gif]
[cdn.prod.website-files.com/6527a38e362cc61286889211/6527a38e362cc612868893a6_Portonovi-Main-vid.gif]
[cdn.prod.website-files.com/6527a38e362cc612868891e9/6527a38e362cc6128688923f_placeholder.svg]
[cdn.prod.website-files.com/6527a38e362cc61286889211/6527a38e362cc61286889324_trueseamoss_cursor.webp]
[cdn.prod.website-files.com/6527a38e362cc61286889211/6527a38e362cc6128688935b_true-sea-moss-main-video.gif]
[cdn.prod.website-files.com/6527a38e362cc61286889211/6527a38e362cc61286889316_ankh tea cursor.png]
[cdn.prod.website-files.com/6527a38e362cc61286889211/6527a38e362cc61286889359_ANKH-TEA-MAIN-VID.gif]
[cdn.prod.website-files.com/6527a38e362cc61286889211/6527a38e362cc61286889317_lighthouse cursor.png]
[cdn.prod.website-files.com/6527a38e362cc61286889211/6527a38e362cc61286889349_lighthouse-main-vid.gif]
[cdn.prod.website-files.com/6527a38e362cc61286889211/6527a38e362cc61286889337_bluepottery cursor.png]
[cdn.prod.website-files.com/6527a38e362cc61286889211/6527a38e362cc61286889343_blue-pottery-main-video5.gif]
[cdn.prod.website-files.com/6527a38e362cc61286889211/6527a38e362cc6128688934d_Screenshot 2023-09-30 at 17.18.27.jpg]
[cdn.prod.website-files.com/6527a38e362cc61286889211/6527a38e362cc612868893a8_2389.png]
[cdn.prod.website-files.com/6527a38e362cc61286889211/6527a38e362cc61286889370_Group 33-min.png]
[cdn.prod.website-files.com/6527a38e362cc612868891e9/6527a38e362cc61286889252_author-testimonial-01.webp]
[cdn.prod.website-files.com/6527a38e362cc612868891e9/6527a38e362cc61286889256_author-testimonial-02.webp]
[cdn.prod.website-files.com/6527a38e362cc612868891e9/6527a38e362cc6128688925b_author-testimonial-03.webp]
[cdn.prod.website-files.com/6527a38e362cc612868891e9/6527a38e362cc6128688925c_author-testimonial-04.webp]
[d3e54v103j8qbb.cloudfront.net/js/jquery-3.5.1.min.dc5e7f18c83d0e.js]
[assets-global.website-files.com/6527a38e362cc612868891e9/js/webflow.cfc106e48.js]
[lala-design-portfolio.webflow.io/index.html]
[assets.website-files.com/645e0e1ff7fdb6dc8c85f3a2/64a5544a813c7253b90f2f50_lenis-offbrand.txt]
[fonts.googleapis.com/index.html]
[fonts.gstatic.com/index.html]
[lala-design-portfolio.webflow.io/work.html]
[lala-design-portfolio.webflow.io/other-work.html]
[cdn.prod.website-files.com/6527a38e362cc612868891e9/6527a38e362cc6128688929e_360-Lala.gif]
[lala-design-portfolio.webflow.io/about.html]
[lala-design-portfolio.webflow.io/contact.html]
[lala-design-portfolio.webflow.io/work/portonovi.html]
[lala-design-portfolio.webflow.io/work/true-sea-moss.html]
[lala-design-portfolio.webflow.io/work/ankh-tea.html]
[lala-design-portfolio.webflow.io/work/lighthouse.html]
[lala-design-portfolio.webflow.io/work/blue-pottery.html]
[lala-design-portfolio.webflow.io/work/wallpapers.html]
[lala-design-portfolio.webflow.io/work/special-campaigns.html]
[lala-design-portfolio.webflow.io/work/tropicana.html]
[lala-design-portfolio.webflow.io/shop.html]
[lala-design-portfolio.webflow.io/template-info/styleguide.html]
[lala-design-portfolio.webflow.io/template-info/licensing.html]
[lala-design-portfolio.webflow.io/template-info/changelog.html]
[cdn.prod.website-files.com/6527a38e362cc612868891e9/6527a38e362cc6128688927d_lala-pashayeva.webp]
[cdn.prod.website-files.com/6527a38e362cc612868891e9/6527a38e362cc612868892a0_IMG_3188-min.jpg]
[ajax.googleapis.com/ajax/libs/webfont/1.6.26/webfont.js]
[assets-global.website-files.com/6527a38e362cc612868891e9/6527a38e362cc6128688923d_icon-quote.svg]
[cdn.prod.website-files.com/6527a38e362cc612868891e9/6527a38e362cc61286889299_insta-story_straigh_withphone_full hd-min.png]
[cdn.prod.website-files.com/6527a38e362cc612868891e9/6527a38e362cc6128688929c_Group 9-min-min.png]
[cdn.prod.website-files.com/6527a38e362cc612868891e9/6527a38e362cc61286889298_Presentation3.png]
[cdn.prod.website-files.com/6527a38e362cc61286889211/6527a38e362cc6128688932e_Portonovi-Cursor.gif]
[cdn.prod.website-files.com/6527a38e362cc61286889211/6527a38e362cc6128688935b_true-sea-moss-main-video.gif]
[cdn.prod.website-files.com/6527a38e362cc61286889211/6527a38e362cc61286889359_ANKH-TEA-MAIN-VID.gif]
[cdn.prod.website-files.com/6527a38e362cc61286889211/6527a38e362cc612868893a6_Portonovi-Main-vid.gif]
[assets-global.website-files.com/6527a38e362cc612868891e9/6527a38e362cc612868892a2_noise.png]
[cdn.prod.website-files.com/6527a38e362cc61286889211/6527a38e362cc61286889349_lighthouse-main-vid.gif]
[cdn.prod.website-files.com/6527a38e362cc61286889211/6527a38e362cc61286889343_blue-pottery-main-video5.gif]
[cdn.prod.website-files.com/6527a38e362cc61286889211/6527a38e362cc6128688934d_Screenshot 2023-09-30 at 17.18.27.jpg]
[d3e54v103j8qbb.cloudfront.net/img/background-image.svg]
[assets-global.website-files.com/6527a38e362cc612868891e9/css/lala-design-portfolio.webflow.99df90dc5.css]
[cdn.prod.website-files.com/6527a38e362cc612868891e9/6527a38e362cc61286889252_author-testimonial-01.webp]
[d3e54v103j8qbb.cloudfront.net/js/jquery-3.5.1.min.dc5e7f18c83d0e.js]
[cdn.prod.website-files.com/6527a38e362cc61286889211/6527a38e362cc61286889370_Group 33-min.png]
[cdn.prod.website-files.com/6527a38e362cc61286889211/6527a38e362cc612868893a8_2389.png]
[lala-design-portfolio.webflow.io/work.html]
[cdn.prod.website-files.com/6527a38e362cc612868891e9/6527a38e362cc6128688925b_author-testimonial-03.webp]
[assets.website-files.com/645e0e1ff7fdb6dc8c85f3a2/64a5544a813c7253b90f2f50_lenis-offbrand.txt]
[cdn.prod.website-files.com/6527a38e362cc612868891e9/6527a38e362cc6128688923f_placeholder.svg]
[cdn.prod.website-files.com/6527a38e362cc612868891e9/6527a38e362cc6128688929e_360-Lala.gif]
[assets-global.website-files.com/6527a38e362cc612868891e9/js/webflow.cfc106e48.js]
[assets-global.website-files.com/6527a38e362cc612868891e9/6527a38e362cc612868892a2_noise.png]
[cdn.prod.website-files.com/6527a38e362cc612868891e9/6527a38e362cc61286889256_author-testimonial-02.webp]
[cdn.prod.website-files.com/6527a38e362cc612868891e9/6527a38e362cc6128688925c_author-testimonial-04.webp]
[assets-global.website-files.com/6527a38e362cc612868891e9/6527a38e362cc6128688923d_icon-quote.svg]
[d3e54v103j8qbb.cloudfront.net/img/background-image.svg]
[lala-design-portfolio.webflow.io/work/portonovi.html]
[lala-design-portfolio.webflow.io/work/ankh-tea.html]
[lala-design-portfolio.webflow.io/work/lighthouse.html]
[lala-design-portfolio.webflow.io/work/blue-pottery.html]
[lala-design-portfolio.webflow.io/work/wallpapers.html]
[lala-design-portfolio.webflow.io/work/special-campaigns.html]
[lala-design-portfolio.webflow.io/work/tropicana.html]
